2020-04-09 17:00:34,451 ERROR: Exception on /api/tokens [POST] [in /home/centvr/Documents/pyscript/microblog/venv/lib64/python3.6/site-packages/flask/app.py: 1891]
Traceback (most recent call last):
  File "/home/centvr/Documents/pyscript/microblog/venv/lib64/python3.6/site-packages/flask/app.py", line 2446, in wsgi_app
    response = self.full_dispatch_request()
  File "/home/centvr/Documents/pyscript/microblog/venv/lib64/python3.6/site-packages/flask/app.py", line 1951, in full_dispatch_request
    rv = self.handle_user_exception(e)
  File "/home/centvr/Documents/pyscript/microblog/venv/lib64/python3.6/site-packages/flask/app.py", line 1820, in handle_user_exception
    reraise(exc_type, exc_value, tb)
  File "/home/centvr/Documents/pyscript/microblog/venv/lib64/python3.6/site-packages/flask/_compat.py", line 39, in reraise
    raise value
  File "/home/centvr/Documents/pyscript/microblog/venv/lib64/python3.6/site-packages/flask/app.py", line 1949, in full_dispatch_request
    rv = self.dispatch_request()
  File "/home/centvr/Documents/pyscript/microblog/venv/lib64/python3.6/site-packages/flask/app.py", line 1935, in dispatch_request
    return self.view_functions[rule.endpoint](**req.view_args)
  File "/home/centvr/Documents/pyscript/microblog/venv/lib64/python3.6/site-packages/flask_httpauth.py", line 105, in decorated
    return f(*args, **kwargs)
  File "/home/centvr/Documents/pyscript/microblog/app/api/tokens.py", line 9, in get_token
    token = g.current_user.get_token()
  File "/home/centvr/Documents/pyscript/microblog/app/models.py", line 190, in get_token
    if self.token and self.token_expiration >  now + timedelta(seconds=60):
TypeError: '>' not supported between instances of 'NoneType' and 'datetime.datetime'
2020-04-09 17:07:42,445 INFO: Microblog startup [in /home/centvr/Documents/pyscript/microblog/app/__init__.py: 72]
2020-04-09 17:09:46,071 INFO: Microblog startup [in /home/centvr/Documents/pyscript/microblog/app/__init__.py: 72]
2020-04-09 22:07:52,001 INFO: Microblog startup [in /home/centvr/Documents/pyscript/microblog/app/__init__.py: 72]
2020-04-09 22:11:08,048 INFO: Microblog startup [in /home/centvr/Documents/pyscript/microblog/app/__init__.py: 72]
2020-04-09 22:46:30,613 INFO: Microblog startup [in /home/centvr/Documents/pyscript/microblog/app/__init__.py: 72]
